8.11.2025, 18:33:53 - INFO - Server ready at port 3030
8.11.2025, 18:34:41 - INFO - Server ready at port 3030
8.11.2025, 18:36:07 - ERROR - Bug not found!
8.11.2025, 18:49:40 - INFO - Server ready at port 3030
8.11.2025, 18:51:11 - INFO - Server ready at port 3030
8.11.2025, 18:52:36 - INFO - Server ready at port 3030
8.11.2025, 18:52:37 - INFO - Server ready at port 3030
8.11.2025, 18:52:40 - ERROR - Bug not found!
8.11.2025, 19:15:31 - INFO - Server ready at port 3030
8.11.2025, 19:15:43 - INFO - Server ready at port 3030
8.11.2025, 19:22:41 - INFO - Server ready at port 3030
8.11.2025, 19:22:59 - INFO - Server ready at port 3030
8.11.2025, 19:24:29 - INFO - Server ready at port 3030
8.11.2025, 19:24:58 - INFO - Server ready at port 3030
8.11.2025, 19:26:54 - INFO - Server ready at port 3030
8.11.2025, 19:28:15 - INFO - Server ready at port 3030
8.11.2025, 19:28:26 - INFO - Server ready at port 3030
8.11.2025, 19:28:41 - INFO - Server ready at port 3030
8.11.2025, 19:29:28 - INFO - Server ready at port 3030
8.11.2025, 19:29:29 - INFO - Server ready at port 3030
8.11.2025, 19:31:50 - INFO - Server ready at port 3030
8.11.2025, 19:31:52 - INFO - Server ready at port 3030
8.11.2025, 19:31:58 - INFO - Server ready at port 3030
8.11.2025, 19:36:03 - INFO - Server ready at port 3030
8.11.2025, 19:50:38 - INFO - Server ready at port 3030
8.11.2025, 19:50:44 - INFO - Server ready at port 3030
8.11.2025, 19:50:56 - INFO - Server ready at port 3030
8.11.2025, 19:52:07 - INFO - Server ready at port 3030
8.11.2025, 19:52:37 - INFO - Server ready at port 3030
8.11.2025, 19:53:08 - INFO - Server ready at port 3030
8.11.2025, 19:54:48 - INFO - Server ready at port 3030
8.11.2025, 19:57:35 - INFO - Server ready at port 3030
8.11.2025, 19:57:54 - INFO - Server ready at port 3030
8.11.2025, 19:58:50 - INFO - Server ready at port 3030
8.11.2025, 19:59:06 - INFO - Server ready at port 3030
8.11.2025, 19:59:21 - INFO - Server ready at port 3030
8.11.2025, 20:00:29 - INFO - Server ready at port 3030
8.11.2025, 20:00:43 - INFO - Server ready at port 3030
8.11.2025, 20:00:48 - ERROR - Bug not found!
8.11.2025, 20:00:57 - ERROR - Bug not found!
8.11.2025, 20:01:14 - ERROR - Bug not found!
8.11.2025, 20:01:42 - INFO - Server ready at port 3030
8.11.2025, 20:01:45 - ERROR - Bug not found!
8.11.2025, 20:02:15 - ERROR - Bug not found!
8.11.2025, 20:11:02 - INFO - Server ready at port 3030
8.11.2025, 20:11:08 - INFO - Server ready at port 3030
8.11.2025, 20:15:35 - INFO - Server ready at port 3030
8.11.2025, 20:34:46 - INFO - Server ready at port 3030
8.11.2025, 20:35:44 - INFO - Server ready at port 3030
8.11.2025, 20:38:36 - INFO - Server ready at port 3030
8.11.2025, 20:39:50 - INFO - Server ready at port 3030
8.11.2025, 20:40:14 - INFO - Server ready at port 3030
8.11.2025, 20:40:20 - INFO - Server ready at port 3030
8.11.2025, 20:40:24 - INFO - Server ready at port 3030
8.11.2025, 20:40:32 - INFO - Server ready at port 3030
8.11.2025, 20:40:35 - INFO - Server ready at port 3030
8.11.2025, 20:40:59 - INFO - Server ready at port 3030
8.11.2025, 20:41:02 - INFO - Server ready at port 3030
8.11.2025, 20:41:10 - INFO - Server ready at port 3030
8.11.2025, 20:41:15 - INFO - Server ready at port 3030
8.11.2025, 20:41:44 - INFO - Server ready at port 3030
8.11.2025, 20:42:51 - INFO - Server ready at port 3030
8.11.2025, 20:43:47 - INFO - Server ready at port 3030
8.11.2025, 20:43:50 - INFO - Server ready at port 3030
8.11.2025, 20:43:57 - INFO - Server ready at port 3030
8.11.2025, 20:44:09 - INFO - Server ready at port 3030
8.11.2025, 20:46:16 - INFO - Server ready at port 3030
8.11.2025, 20:46:25 - INFO - Server ready at port 3030
8.11.2025, 20:50:46 - INFO - Server ready at port 3030
8.11.2025, 20:51:09 - INFO - Server ready at port 3030
8.11.2025, 20:51:20 - INFO - Server ready at port 3030
8.11.2025, 20:51:51 - INFO - Server ready at port 3030
8.11.2025, 20:52:48 - INFO - Server ready at port 3030
8.11.2025, 20:52:56 - INFO - Server ready at port 3030
8.11.2025, 20:54:48 - INFO - Server ready at port 3030
8.11.2025, 20:55:46 - INFO - Server ready at port 3030
8.11.2025, 20:56:25 - INFO - Server ready at port 3030
8.11.2025, 20:56:31 - INFO - Server ready at port 3030
8.11.2025, 20:59:55 - INFO - Server ready at port 3030
8.11.2025, 21:00:14 - INFO - Server ready at port 3030
8.11.2025, 21:00:26 - INFO - Server ready at port 3030
8.11.2025, 21:00:31 - INFO - Server ready at port 3030
8.11.2025, 21:03:39 - INFO - Server ready at port 3030
8.11.2025, 21:08:14 - INFO - Server ready at port 3030
8.11.2025, 21:08:52 - INFO - Server ready at port 3030
8.11.2025, 21:12:37 - INFO - Server ready at port 3030
8.11.2025, 21:14:46 - INFO - Server ready at port 3030
8.11.2025, 21:17:19 - INFO - Server ready at port 3030
8.11.2025, 21:18:25 - INFO - Server ready at port 3030
8.11.2025, 21:18:43 - INFO - Server ready at port 3030
8.11.2025, 21:19:42 - INFO - Server ready at port 3030
8.11.2025, 21:20:58 - INFO - Server ready at port 3030
8.11.2025, 21:26:06 - INFO - Server ready at port 3030
8.11.2025, 21:26:10 - INFO - Server ready at port 3030
8.11.2025, 21:26:11 - INFO - Server ready at port 3030
8.11.2025, 21:26:14 - INFO - Server ready at port 3030
8.11.2025, 21:26:20 - INFO - Server ready at port 3030
8.11.2025, 21:26:20 - INFO - Server ready at port 3030
8.11.2025, 21:29:20 - INFO - Server ready at port 3030
8.11.2025, 21:30:53 - INFO - Server ready at port 3030
8.11.2025, 21:31:01 - INFO - Server ready at port 3030
8.11.2025, 21:31:37 - INFO - Server ready at port 3030
8.11.2025, 21:31:42 - INFO - Server ready at port 3030
8.11.2025, 21:31:46 - INFO - Server ready at port 3030
8.11.2025, 21:31:47 - INFO - Server ready at port 3030
8.11.2025, 21:31:48 - INFO - Server ready at port 3030
8.11.2025, 21:31:50 - INFO - Server ready at port 3030
8.11.2025, 21:31:52 - INFO - Server ready at port 3030
8.11.2025, 21:34:30 - INFO - Server ready at port 3030
8.11.2025, 21:35:27 - INFO - Server ready at port 3030
8.11.2025, 21:35:41 - INFO - Server ready at port 3030
8.11.2025, 21:36:21 - INFO - Server ready at port 3030
8.11.2025, 21:37:25 - INFO - Server ready at port 3030
8.11.2025, 21:38:19 - INFO - Server ready at port 3030
8.11.2025, 21:42:03 - INFO - Server ready at port 3030
8.11.2025, 21:42:08 - INFO - Server ready at port 3030
8.11.2025, 21:43:10 - INFO - Server ready at port 3030
8.11.2025, 21:43:28 - INFO - Server ready at port 3030
8.11.2025, 21:43:43 - INFO - Server ready at port 3030
8.11.2025, 21:47:07 - INFO - Server ready at port 3030
8.11.2025, 21:47:21 - INFO - Server ready at port 3030
8.11.2025, 21:47:40 - INFO - Server ready at port 3030
8.11.2025, 21:48:04 - INFO - Server ready at port 3030
8.11.2025, 21:49:20 - INFO - Server ready at port 3030
10.11.2025, 17:20:17 - INFO - Server ready at port 3030
10.11.2025, 17:30:01 - INFO - Server ready at port 3030
10.11.2025, 17:33:20 - INFO - Server ready at port 3030
10.11.2025, 17:34:15 - INFO - Server ready at port 3030
10.11.2025, 17:36:16 - INFO - Server ready at port 3030
10.11.2025, 17:36:39 - INFO - Server ready at port 3030
10.11.2025, 17:36:46 - INFO - Server ready at port 3030
10.11.2025, 17:38:39 - INFO - Server ready at port 3030
10.11.2025, 17:38:50 - INFO - Server ready at port 3030
10.11.2025, 17:38:55 - INFO - Server ready at port 3030
10.11.2025, 17:39:45 - INFO - Server ready at port 3030
10.11.2025, 17:40:08 - INFO - Server ready at port 3030
10.11.2025, 17:40:19 - INFO - Server ready at port 3030
10.11.2025, 17:41:07 - INFO - Server ready at port 3030
10.11.2025, 17:41:20 - INFO - Server ready at port 3030
10.11.2025, 17:41:21 - INFO - Server ready at port 3030
10.11.2025, 17:42:23 - INFO - Server ready at port 3030
10.11.2025, 17:42:38 - INFO - Server ready at port 3030
10.11.2025, 17:44:51 - INFO - Server ready at port 3030
15.11.2025, 10:41:34 - INFO - Server ready at port 3030
15.11.2025, 10:41:42 - INFO - Server ready at port 3030
15.11.2025, 10:41:51 - INFO - Server ready at port 3030
15.11.2025, 11:16:57 - INFO - Server ready at port 3030
15.11.2025, 11:23:52 - INFO - Server ready at port 3030
15.11.2025, 11:24:40 - INFO - Server ready at port 3030
15.11.2025, 11:24:52 - INFO - Server ready at port 3030
15.11.2025, 11:24:55 - ERROR - Bug not found!
15.11.2025, 11:25:01 - ERROR - Bug not found!
15.11.2025, 11:25:26 - INFO - Server ready at port 3030
15.11.2025, 11:49:28 - INFO - Server ready at port 3030
15.11.2025, 11:50:01 - INFO - Server ready at port 3030
15.11.2025, 11:50:59 - INFO - Server ready at port 3030
15.11.2025, 11:53:42 - INFO - Server ready at port 3030
15.11.2025, 11:54:00 - INFO - Server ready at port 3030
15.11.2025, 11:55:16 - INFO - Server ready at port 3030
15.11.2025, 11:55:21 - INFO - Server ready at port 3030
15.11.2025, 11:58:07 - INFO - Server ready at port 3030
15.11.2025, 12:00:39 - INFO - Server ready at port 3030
15.11.2025, 12:06:49 - INFO - Server ready at port 3030
15.11.2025, 12:09:45 - INFO - Server ready at port 3030
15.11.2025, 12:10:02 - INFO - Server ready at port 3030
15.11.2025, 12:10:13 - INFO - Server ready at port 3030
15.11.2025, 12:22:07 - INFO - Server ready at port 3030
15.11.2025, 14:25:25 - INFO - Server ready at port 3030
15.11.2025, 14:25:29 - INFO - Server ready at port 3030
15.11.2025, 14:32:11 - INFO - Server ready at port 3030
15.11.2025, 14:32:23 - ERROR - Cannot get bug | Bug not found!
15.11.2025, 14:59:33 - INFO - Server ready at port 3030
15.11.2025, 15:08:09 - INFO - Server ready at port 3030
15.11.2025, 15:09:01 - INFO - Server ready at port 3030
15.11.2025, 15:10:07 - INFO - Server ready at port 3030
15.11.2025, 15:10:11 - INFO - Server ready at port 3030
15.11.2025, 15:14:37 - ERROR - Cannot get bug | Bug not found!
15.11.2025, 15:17:25 - INFO - Server ready at port 3030
15.11.2025, 15:17:48 - INFO - Server ready at port 3030
15.11.2025, 15:18:09 - INFO - Server ready at port 3030
15.11.2025, 15:19:30 - INFO - Server ready at port 3030
15.11.2025, 15:20:00 - INFO - Server ready at port 3030
15.11.2025, 15:20:56 - INFO - Server ready at port 3030
15.11.2025, 15:29:49 - INFO - Server ready at port 3030
15.11.2025, 15:30:14 - INFO - Server ready at port 3030
15.11.2025, 15:39:38 - INFO - Server ready at port 3030
15.11.2025, 15:39:50 - INFO - Server ready at port 3030
15.11.2025, 15:40:03 - INFO - Server ready at port 3030
15.11.2025, 15:40:55 - INFO - Server ready at port 3030
15.11.2025, 15:41:17 - INFO - Server ready at port 3030
15.11.2025, 15:41:25 - INFO - Bug iPqvx was removed
15.11.2025, 15:41:25 - ERROR - Cannot get bug | TypeError: res.ststaus is not a function
15.11.2025, 15:41:25 - INFO - Server ready at port 3030
15.11.2025, 15:42:04 - INFO - Server ready at port 3030
15.11.2025, 15:42:09 - INFO - Server ready at port 3030
15.11.2025, 15:42:13 - ERROR - Cannot get bug | Bug not found!
15.11.2025, 15:44:25 - INFO - Server ready at port 3030
15.11.2025, 15:44:34 - INFO - Bug 1XOfr was removed
15.11.2025, 15:44:35 - INFO - Server ready at port 3030
15.11.2025, 16:04:27 - INFO - Server ready at port 3030
15.11.2025, 16:10:01 - INFO - Server ready at port 3030
15.11.2025, 16:10:29 - INFO - Server ready at port 3030
15.11.2025, 16:24:57 - INFO - Server ready at port 3030
15.11.2025, 16:28:36 - INFO - Server ready at port 3030
15.11.2025, 16:28:55 - INFO - Server ready at port 3030
15.11.2025, 18:20:34 - INFO - Server ready at port 3030
15.11.2025, 18:50:27 - INFO - Server ready at port 3030
15.11.2025, 18:54:26 - INFO - Server ready at port 3030
15.11.2025, 18:54:32 - INFO - Server ready at port 3030
15.11.2025, 22:24:26 - INFO - Server ready at port 3030
15.11.2025, 22:30:02 - INFO - Server ready at port 3030
15.11.2025, 22:32:17 - INFO - Server ready at port 3030
15.11.2025, 22:34:24 - INFO - Server ready at port 3030
15.11.2025, 22:35:01 - INFO - Server ready at port 3030
15.11.2025, 22:36:23 - INFO - Server ready at port 3030
15.11.2025, 22:36:47 - INFO - Server ready at port 3030
15.11.2025, 22:38:43 - INFO - Server ready at port 3030
15.11.2025, 22:38:54 - INFO - Server ready at port 3030
15.11.2025, 22:39:51 - INFO - Server ready at port 3030
15.11.2025, 22:40:52 - INFO - Server ready at port 3030
15.11.2025, 22:41:25 - INFO - Server ready at port 3030
21.11.2025, 19:05:32 - INFO - Server ready at port 3030
21.11.2025, 19:05:56 - INFO - Server ready at port 3030
21.11.2025, 19:07:03 - INFO - Server ready at port 3030
21.11.2025, 19:21:48 - INFO - Server ready at port 3030
21.11.2025, 19:22:15 - INFO - Server ready at port 3030
21.11.2025, 19:28:45 - INFO - Server ready at port 3030
21.11.2025, 19:28:47 - INFO - Server ready at port 3030
21.11.2025, 19:29:46 - INFO - Server ready at port 3030
21.11.2025, 19:29:55 - INFO - Server ready at port 3030
21.11.2025, 19:30:51 - INFO - Server ready at port 3030
21.11.2025, 19:32:04 - INFO - Server ready at port 3030
21.11.2025, 19:38:55 - INFO - Server ready at port 3030
21.11.2025, 19:39:09 - INFO - Server ready at port 3030
21.11.2025, 19:42:39 - INFO - Server ready at port 3030
21.11.2025, 19:54:47 - INFO - Server ready at port 3030
21.11.2025, 19:55:03 - INFO - Server ready at port 3030
21.11.2025, 19:56:09 - INFO - Server ready at port 3030
21.11.2025, 20:01:24 - INFO - Server ready at port 3030
21.11.2025, 20:02:33 - INFO - Server ready at port 3030
21.11.2025, 20:07:04 - INFO - Server ready at port 3030
21.11.2025, 20:08:47 - INFO - Server ready at port 3030
21.11.2025, 20:08:55 - INFO - Server ready at port 3030
21.11.2025, 20:09:06 - INFO - Server ready at port 3030
21.11.2025, 20:09:25 - INFO - Server ready at port 3030
21.11.2025, 20:09:59 - INFO - Server ready at port 3030
21.11.2025, 20:10:01 - INFO - Server ready at port 3030
21.11.2025, 20:10:37 - INFO - Server ready at port 3030
21.11.2025, 20:10:53 - INFO - Server ready at port 3030
21.11.2025, 20:10:56 - INFO - Server ready at port 3030
21.11.2025, 20:12:47 - INFO - Server ready at port 3030
21.11.2025, 20:12:53 - ERROR - Cannot get bug | ReferenceError: fs is not defined
21.11.2025, 20:13:10 - ERROR - Cannot get bug | ReferenceError: fs is not defined
21.11.2025, 20:13:57 - ERROR - Cannot get bug | ReferenceError: fs is not defined
21.11.2025, 20:16:20 - ERROR - Cannot get bug | ReferenceError: fs is not defined
21.11.2025, 20:16:26 - ERROR - Cannot get bug | ReferenceError: fs is not defined
21.11.2025, 20:18:02 - ERROR - Cannot get bug | ReferenceError: fs is not defined
21.11.2025, 20:40:27 - ERROR - Cannot get bug | ReferenceError: fs is not defined
21.11.2025, 20:49:47 - INFO - Server ready at port 3030
21.11.2025, 20:49:57 - ERROR - Cannot get bug | ReferenceError: fs is not defined
21.11.2025, 20:52:06 - ERROR - Cannot get bug | ReferenceError: fs is not defined
21.11.2025, 20:52:26 - ERROR - Cannot get bug | ReferenceError: fs is not defined
21.11.2025, 20:53:27 - ERROR - Cannot get bug | ReferenceError: fs is not defined
22.11.2025, 18:37:20 - INFO - Server ready at port 3030
22.11.2025, 18:41:03 - INFO - Server ready at port 3030
22.11.2025, 18:41:49 - INFO - Server ready at port 3030
22.11.2025, 18:42:06 - INFO - Server ready at port 3030
22.11.2025, 18:42:34 - INFO - Server ready at port 3030
22.11.2025, 18:43:06 - INFO - Server ready at port 3030
22.11.2025, 18:43:10 - INFO - Server ready at port 3030
22.11.2025, 18:43:19 - INFO - Server ready at port 3030
22.11.2025, 18:43:56 - INFO - Server ready at port 3030
22.11.2025, 18:44:06 - INFO - Server ready at port 3030
22.11.2025, 18:44:20 - INFO - Server ready at port 3030
22.11.2025, 18:44:30 - INFO - Server ready at port 3030
22.11.2025, 18:45:14 - INFO - Server ready at port 3030
22.11.2025, 18:45:29 - INFO - Server ready at port 3030
23.11.2025, 11:54:22 - INFO - Server ready at port 3030
23.11.2025, 12:24:34 - INFO - Server ready at port 3030
23.11.2025, 13:13:59 - INFO - Server ready at port 3030
23.11.2025, 13:33:01 - INFO - Server ready at port 3030
23.11.2025, 13:33:09 - INFO - Server ready at port 3030
23.11.2025, 13:33:10 - INFO - Server ready at port 3030
23.11.2025, 13:36:55 - ERROR - Cannot get bug | ReferenceError: fs is not defined
23.11.2025, 13:37:12 - ERROR - Cannot get bug | ReferenceError: fs is not defined
23.11.2025, 13:45:14 - INFO - Server ready at port 3030
23.11.2025, 13:45:32 - INFO - Server ready at port 3030
23.11.2025, 14:04:43 - INFO - Server ready at port 3030
23.11.2025, 14:07:45 - INFO - Server ready at port 3030
23.11.2025, 14:08:31 - INFO - Server ready at port 3030
23.11.2025, 14:08:45 - INFO - Server ready at port 3030
23.11.2025, 14:42:16 - INFO - Server ready at port 3030
23.11.2025, 14:42:42 - ERROR - Cannot get bug | ReferenceError: fs is not defined
23.11.2025, 14:50:32 - INFO - Server ready at port 3030
23.11.2025, 14:50:43 - INFO - Server ready at port 3030
23.11.2025, 14:51:06 - INFO - Server ready at port 3030
23.11.2025, 14:52:01 - INFO - Server ready at port 3030
23.11.2025, 15:57:04 - INFO - Server ready at port 3030
23.11.2025, 15:57:59 - INFO - Server ready at port 3030
23.11.2025, 16:19:50 - INFO - Server ready at port 3030
23.11.2025, 16:20:23 - INFO - Server ready at port 3030
23.11.2025, 16:20:26 - INFO - Server ready at port 3030
23.11.2025, 16:24:04 - INFO - Server ready at port 3030
23.11.2025, 16:25:00 - INFO - Server ready at port 3030
23.11.2025, 16:25:53 - INFO - Server ready at port 3030
23.11.2025, 16:26:21 - INFO - Server ready at port 3030
23.11.2025, 16:27:06 - INFO - Server ready at port 3030
23.11.2025, 16:28:48 - INFO - Server ready at port 3030
23.11.2025, 16:31:28 - INFO - Server ready at port 3030
23.11.2025, 16:33:15 - INFO - Server ready at port 3030
23.11.2025, 16:34:16 - INFO - Server ready at port 3030
23.11.2025, 16:34:20 - INFO - Server ready at port 3030
23.11.2025, 16:51:26 - INFO - Server ready at port 3030
23.11.2025, 17:07:38 - INFO - Server ready at port 3030
23.11.2025, 21:42:22 - INFO - Server ready at port 3030
23.11.2025, 21:47:19 - INFO - Server ready at port 3030
23.11.2025, 21:58:01 - INFO - Server ready at port 3030
23.11.2025, 21:58:46 - INFO - Server ready at port 3030
23.11.2025, 21:58:52 - INFO - Server ready at port 3030
23.11.2025, 22:11:47 - INFO - Server ready at port 3030
23.11.2025, 22:19:46 - INFO - Server ready at port 3030
23.11.2025, 22:20:05 - INFO - Server ready at port 3030
23.11.2025, 22:20:17 - INFO - Server ready at port 3030
23.11.2025, 22:22:32 - INFO - Server ready at port 3030
23.11.2025, 22:24:23 - INFO - Server ready at port 3030
23.11.2025, 22:25:04 - INFO - Server ready at port 3030
23.11.2025, 22:25:09 - ERROR - Cannot get bug | ReferenceError: fs is not defined
23.11.2025, 22:25:35 - INFO - Server ready at port 3030
23.11.2025, 22:25:48 - ERROR - Cannot get bug | ReferenceError: fs is not defined
23.11.2025, 22:25:57 - INFO - Server ready at port 3030
23.11.2025, 22:26:05 - ERROR - Cannot get bug | ReferenceError: fs is not defined
23.11.2025, 22:27:28 - INFO - Server ready at port 3030
23.11.2025, 22:28:05 - INFO - Server ready at port 3030
23.11.2025, 22:28:09 - INFO - Server ready at port 3030
23.11.2025, 22:28:17 - ERROR - Cannot get bug | ReferenceError: fs is not defined
23.11.2025, 22:28:47 - INFO - Server ready at port 3030
23.11.2025, 22:28:48 - ERROR - Cannot get bug | ReferenceError: fs is not defined
23.11.2025, 22:30:39 - INFO - Server ready at port 3030
23.11.2025, 22:30:55 - INFO - Server ready at port 3030
23.11.2025, 22:30:59 - ERROR - Cannot get bug | ReferenceError: fs is not defined
23.11.2025, 22:31:26 - INFO - Server ready at port 3030
23.11.2025, 22:31:35 - INFO - Bug FHHzP was removed
23.11.2025, 22:31:35 - INFO - Server ready at port 3030
23.11.2025, 22:31:44 - INFO - Server ready at port 3030
23.11.2025, 22:32:03 - INFO - Server ready at port 3030
23.11.2025, 22:32:44 - INFO - Bug Z0SxJ was removed
23.11.2025, 22:32:45 - INFO - Server ready at port 3030
24.11.2025, 17:32:34 - INFO - Bug FHHzP was removed
24.11.2025, 17:32:35 - INFO - Server ready at port 3030
24.11.2025, 17:32:42 - INFO - Server ready at port 3030
24.11.2025, 17:36:10 - INFO - Server ready at port 3030
24.11.2025, 17:36:19 - INFO - Server ready at port 3030
24.11.2025, 17:36:34 - INFO - Server ready at port 3030
24.11.2025, 17:38:30 - INFO - Server ready at port 3030
24.11.2025, 17:39:14 - INFO - Server ready at port 3030
24.11.2025, 17:41:53 - INFO - Server ready at port 3030
24.11.2025, 17:42:06 - INFO - Server ready at port 3030
24.11.2025, 17:43:23 - INFO - Server ready at port 3030
24.11.2025, 17:43:28 - INFO - Server ready at port 3030
24.11.2025, 17:43:46 - INFO - Server ready at port 3030
24.11.2025, 17:44:05 - INFO - Bug Aa0xp was removed
24.11.2025, 17:44:05 - INFO - Server ready at port 3030
24.11.2025, 17:44:36 - INFO - Server ready at port 3030
24.11.2025, 17:44:46 - INFO - Server ready at port 3030
24.11.2025, 17:48:01 - INFO - Server ready at port 3030
24.11.2025, 17:48:44 - INFO - Server ready at port 3030
24.11.2025, 17:49:51 - INFO - Server ready at port 3030
24.11.2025, 17:50:06 - INFO - Server ready at port 3030
24.11.2025, 17:50:46 - INFO - Server ready at port 3030
24.11.2025, 17:51:15 - INFO - Server ready at port 3030
24.11.2025, 17:51:30 - INFO - Server ready at port 3030
24.11.2025, 17:53:51 - INFO - Server ready at port 3030
24.11.2025, 17:54:34 - INFO - Server ready at port 3030
24.11.2025, 17:54:45 - INFO - Server ready at port 3030
24.11.2025, 17:55:26 - INFO - Server ready at port 3030
24.11.2025, 17:55:36 - INFO - Server ready at port 3030
24.11.2025, 17:57:11 - INFO - Server ready at port 3030
24.11.2025, 17:57:44 - INFO - Server ready at port 3030
24.11.2025, 17:58:19 - INFO - Server ready at port 3030
24.11.2025, 17:58:29 - INFO - Server ready at port 3030
24.11.2025, 17:58:43 - INFO - Server ready at port 3030
24.11.2025, 17:59:56 - INFO - Server ready at port 3030
24.11.2025, 18:00:48 - INFO - Server ready at port 3030
24.11.2025, 18:01:06 - INFO - Server ready at port 3030
24.11.2025, 18:01:33 - INFO - Server ready at port 3030
24.11.2025, 18:01:58 - INFO - Server ready at port 3030
24.11.2025, 18:03:03 - INFO - Server ready at port 3030
24.11.2025, 18:03:11 - INFO - Server ready at port 3030
24.11.2025, 18:03:32 - INFO - Server ready at port 3030
24.11.2025, 18:05:17 - INFO - Server ready at port 3030
24.11.2025, 18:06:51 - INFO - Server ready at port 3030
24.11.2025, 18:07:09 - INFO - Server ready at port 3030
24.11.2025, 18:07:27 - INFO - Server ready at port 3030
24.11.2025, 18:07:45 - INFO - Server ready at port 3030
24.11.2025, 18:10:57 - INFO - Server ready at port 3030
24.11.2025, 18:11:30 - INFO - Server ready at port 3030
24.11.2025, 18:12:13 - INFO - Server ready at port 3030
24.11.2025, 18:12:26 - INFO - Server ready at port 3030
24.11.2025, 18:13:54 - INFO - Server ready at port 3030
24.11.2025, 18:14:08 - INFO - Server ready at port 3030
24.11.2025, 18:14:58 - INFO - Server ready at port 3030
24.11.2025, 18:15:46 - INFO - Server ready at port 3030
24.11.2025, 18:16:12 - INFO - Server ready at port 3030
24.11.2025, 18:18:45 - INFO - Server ready at port 3030
24.11.2025, 18:18:48 - INFO - Server ready at port 3030
24.11.2025, 18:19:03 - INFO - Server ready at port 3030
24.11.2025, 18:55:33 - INFO - Bug Gujmm was removed
24.11.2025, 18:55:33 - INFO - Server ready at port 3030
24.11.2025, 18:55:34 - INFO - Bug 7hhJQ was removed
24.11.2025, 18:55:34 - INFO - Server ready at port 3030
24.11.2025, 18:55:34 - INFO - Bug zg25Q was removed
24.11.2025, 18:55:34 - INFO - Server ready at port 3030
24.11.2025, 18:55:35 - INFO - Bug ZepaC was removed
24.11.2025, 18:55:35 - INFO - Server ready at port 3030
24.11.2025, 18:55:36 - INFO - Bug xjnMH was removed
24.11.2025, 18:55:36 - INFO - Server ready at port 3030
24.11.2025, 18:55:37 - INFO - Bug obxTz was removed
24.11.2025, 18:55:37 - INFO - Server ready at port 3030
24.11.2025, 18:55:41 - INFO - Bug 6rS7l was removed
24.11.2025, 18:55:41 - INFO - Server ready at port 3030
24.11.2025, 18:55:42 - INFO - Bug OLtGt was removed
24.11.2025, 18:55:42 - INFO - Server ready at port 3030
24.11.2025, 18:55:43 - INFO - Bug 40tfc was removed
24.11.2025, 18:55:43 - INFO - Server ready at port 3030
24.11.2025, 18:55:46 - INFO - Bug 8GBPT was removed
24.11.2025, 18:55:46 - INFO - Server ready at port 3030
24.11.2025, 18:55:48 - INFO - Bug F32TD was removed
24.11.2025, 18:55:48 - INFO - Server ready at port 3030
24.11.2025, 18:55:49 - INFO - Bug Eu0wh was removed
24.11.2025, 18:55:49 - INFO - Server ready at port 3030
24.11.2025, 18:56:08 - INFO - Server ready at port 3030
24.11.2025, 18:56:25 - INFO - Server ready at port 3030
24.11.2025, 18:58:23 - INFO - Server ready at port 3030
24.11.2025, 18:58:29 - INFO - Server ready at port 3030
24.11.2025, 18:58:40 - INFO - Server ready at port 3030
24.11.2025, 18:58:45 - INFO - Server ready at port 3030
24.11.2025, 18:58:55 - INFO - Server ready at port 3030
24.11.2025, 18:59:18 - INFO - Server ready at port 3030
24.11.2025, 19:01:42 - INFO - Server ready at port 3030
24.11.2025, 20:36:33 - INFO - Server ready at port 3030
24.11.2025, 20:41:15 - INFO - Server ready at port 3030
24.11.2025, 20:41:20 - INFO - Server ready at port 3030
24.11.2025, 20:42:16 - INFO - Server ready at port 3030
24.11.2025, 20:42:40 - INFO - Server ready at port 3030
25.11.2025, 21:26:30 - INFO - Server ready at port 3030
25.11.2025, 21:49:50 - INFO - Server ready at port 3030
25.11.2025, 21:50:42 - INFO - Server ready at port 3030
25.11.2025, 21:56:44 - INFO - Server ready at port 3030
25.11.2025, 21:56:55 - INFO - Server ready at port 3030
25.11.2025, 22:26:44 - INFO - Server ready at port 3030
25.11.2025, 22:26:48 - INFO - Bug cAyZb was removed
25.11.2025, 22:26:48 - INFO - Server ready at port 3030
